/*C45*/SET SCHEMA PUBLIC
DELETE FROM ANNONCES WHERE ID=2
INSERT INTO ANNONCES VALUES(2,'mlzepogpezj','oaegpzjgpzojag','test@epsi.fr',NULL,NULL,15.0E0,1,NULL,NULL,NULL)
COMMIT
/*C50*/SET SCHEMA PUBLIC
DISCONNECT
/*C46*/SET SCHEMA PUBLIC
DISCONNECT
/*C49*/SET SCHEMA PUBLIC
DISCONNECT
/*C47*/SET SCHEMA PUBLIC
DISCONNECT
/*C48*/SET SCHEMA PUBLIC
DISCONNECT
/*C45*/DISCONNECT
/*C51*/SET SCHEMA PUBLIC
DISCONNECT
/*C55*/SET SCHEMA PUBLIC
INSERT INTO ANNONCES VALUES(7,'annonce 2','zefjazpfj','test@epsi.fr',NULL,NULL,12121.0E0,NULL,NULL,NULL,NULL)
COMMIT
/*C57*/SET SCHEMA PUBLIC
INSERT INTO ANNONCES VALUES(8,'annonce 2','zefjazpfj','test@epsi.fr',NULL,NULL,12121.0E0,NULL,NULL,NULL,NULL)
COMMIT
/*C52*/SET SCHEMA PUBLIC
DISCONNECT
/*C55*/DISCONNECT
/*C53*/SET SCHEMA PUBLIC
DISCONNECT
/*C58*/SET SCHEMA PUBLIC
DISCONNECT
/*C57*/DISCONNECT
/*C56*/SET SCHEMA PUBLIC
DISCONNECT
/*C54*/SET SCHEMA PUBLIC
DISCONNECT
/*C59*/SET SCHEMA PUBLIC
DISCONNECT
/*C60*/SET SCHEMA PUBLIC
INSERT INTO ANNONCES VALUES(9,'annonce 2','zefjazpfj','test@epsi.fr',NULL,NULL,12121.0E0,0,NULL,NULL,NULL)
COMMIT
DISCONNECT
/*C62*/SET SCHEMA PUBLIC
INSERT INTO ANNONCES VALUES(10,'annonce 2','zefjazpfj','test@epsi.fr',NULL,NULL,12121.0E0,0,NULL,NULL,NULL)
COMMIT
/*C64*/SET SCHEMA PUBLIC
INSERT INTO ANNONCES VALUES(11,'annonce 2','zefjazpfj','test@epsi.fr',NULL,NULL,12121.0E0,0,NULL,NULL,NULL)
COMMIT
/*C66*/SET SCHEMA PUBLIC
INSERT INTO ANNONCES VALUES(12,'annonce 2','zefjazpfj','test@epsi.fr',NULL,NULL,12121.0E0,0,NULL,NULL,NULL)
COMMIT
/*C68*/SET SCHEMA PUBLIC
INSERT INTO ANNONCES VALUES(13,'annonce 2','zefjazpfj','test@epsi.fr',NULL,NULL,12121.0E0,0,NULL,NULL,NULL)
COMMIT
/*C70*/SET SCHEMA PUBLIC
INSERT INTO ANNONCES VALUES(14,'annonce 2','zefjazpfj','test@epsi.fr',NULL,NULL,12121.0E0,0,NULL,NULL,NULL)
COMMIT
/*C72*/SET SCHEMA PUBLIC
INSERT INTO ANNONCES VALUES(15,'annonce 2','zefjazpfj','test@epsi.fr',NULL,NULL,12121.0E0,0,NULL,NULL,NULL)
COMMIT
/*C79*/SET SCHEMA PUBLIC
INSERT INTO ANNONCES VALUES(16,'fzafjpofj','afpzjfpojaz','test@epsi.fr',NULL,NULL,15615.0E0,0,NULL,NULL,NULL)
COMMIT
/*C80*/SET SCHEMA PUBLIC
DISCONNECT
/*C62*/DISCONNECT
/*C63*/SET SCHEMA PUBLIC
DISCONNECT
/*C64*/DISCONNECT
/*C65*/SET SCHEMA PUBLIC
DISCONNECT
/*C66*/DISCONNECT
/*C67*/SET SCHEMA PUBLIC
DISCONNECT
/*C68*/DISCONNECT
/*C69*/SET SCHEMA PUBLIC
DISCONNECT
/*C70*/DISCONNECT
/*C71*/SET SCHEMA PUBLIC
DISCONNECT
/*C72*/DISCONNECT
/*C73*/SET SCHEMA PUBLIC
DISCONNECT
/*C74*/SET SCHEMA PUBLIC
DISCONNECT
/*C75*/SET SCHEMA PUBLIC
DISCONNECT
/*C76*/SET SCHEMA PUBLIC
DISCONNECT
/*C77*/SET SCHEMA PUBLIC
DISCONNECT
/*C78*/SET SCHEMA PUBLIC
DISCONNECT
/*C79*/DISCONNECT
/*C81*/SET SCHEMA PUBLIC
DISCONNECT
/*C82*/SET SCHEMA PUBLIC
INSERT INTO ANNONCES VALUES(17,'fzafjpofj','afpzjfpojaz','test@epsi.fr',NULL,NULL,15615.0E0,0,NULL,NULL,NULL)
COMMIT
/*C84*/SET SCHEMA PUBLIC
INSERT INTO ANNONCES VALUES(18,'fzafjpofj','afpzjfpojaz','test@epsi.fr',NULL,NULL,15615.0E0,0,NULL,NULL,NULL)
COMMIT
/*C86*/SET SCHEMA PUBLIC
INSERT INTO ANNONCES VALUES(19,'fzafjpofj','afpzjfpojaz','test@epsi.fr',NULL,NULL,15615.0E0,0,NULL,NULL,NULL)
COMMIT
/*C88*/SET SCHEMA PUBLIC
INSERT INTO ANNONCES VALUES(20,'fzafjpofj','afpzjfpojaz','test@epsi.fr',NULL,NULL,15615.0E0,0,NULL,NULL,NULL)
COMMIT
/*C90*/SET SCHEMA PUBLIC
INSERT INTO ANNONCES VALUES(21,'fzafjpofj','afpzjfpojaz','test@epsi.fr',NULL,NULL,15615.0E0,0,NULL,NULL,NULL)
COMMIT
/*C92*/SET SCHEMA PUBLIC
INSERT INTO ANNONCES VALUES(22,'fzafjpofj','afpzjfpojaz','test@epsi.fr',NULL,NULL,15615.0E0,0,NULL,NULL,NULL)
COMMIT
/*C94*/SET SCHEMA PUBLIC
INSERT INTO ANNONCES VALUES(23,'fzafjpofj','afpzjfpojaz','test@epsi.fr',NULL,NULL,15615.0E0,0,NULL,NULL,NULL)
COMMIT
/*C96*/SET SCHEMA PUBLIC
INSERT INTO ANNONCES VALUES(24,'fzafjpofj','afpzjfpojaz','test@epsi.fr',NULL,NULL,15615.0E0,0,NULL,NULL,NULL)
COMMIT
/*C82*/DISCONNECT
/*C83*/SET SCHEMA PUBLIC
DISCONNECT
/*C84*/DISCONNECT
/*C85*/SET SCHEMA PUBLIC
DISCONNECT
/*C86*/DISCONNECT
/*C87*/SET SCHEMA PUBLIC
DISCONNECT
/*C88*/DISCONNECT
/*C89*/SET SCHEMA PUBLIC
DISCONNECT
/*C90*/DISCONNECT
/*C91*/SET SCHEMA PUBLIC
DISCONNECT
/*C92*/DISCONNECT
/*C93*/SET SCHEMA PUBLIC
DISCONNECT
/*C94*/DISCONNECT
/*C95*/SET SCHEMA PUBLIC
DISCONNECT
/*C96*/DISCONNECT
/*C97*/SET SCHEMA PUBLIC
DISCONNECT
/*C98*/SET SCHEMA PUBLIC
DISCONNECT
/*C61*/SET SCHEMA PUBLIC
DISCONNECT
/*C99*/SET SCHEMA PUBLIC
DISCONNECT
/*C104*/SET SCHEMA PUBLIC
DELETE FROM ANNONCES WHERE ID=17
COMMIT
/*C102*/SET SCHEMA PUBLIC
DELETE FROM ANNONCES WHERE ID=22
COMMIT
/*C101*/SET SCHEMA PUBLIC
DELETE FROM ANNONCES WHERE ID=21
COMMIT
/*C106*/SET SCHEMA PUBLIC
DELETE FROM ANNONCES WHERE ID=20
COMMIT
/*C105*/SET SCHEMA PUBLIC
DELETE FROM ANNONCES WHERE ID=18
COMMIT
/*C107*/SET SCHEMA PUBLIC
DELETE FROM ANNONCES WHERE ID=23
COMMIT
/*C103*/SET SCHEMA PUBLIC
DELETE FROM ANNONCES WHERE ID=24
COMMIT
/*C100*/SET SCHEMA PUBLIC
DELETE FROM ANNONCES WHERE ID=19
COMMIT
/*C104*/DISCONNECT
/*C116*/SET SCHEMA PUBLIC
DELETE FROM ANNONCES WHERE ID=16
COMMIT
/*C106*/DISCONNECT
/*C101*/DISCONNECT
/*C105*/DISCONNECT
/*C103*/DISCONNECT
/*C100*/DISCONNECT
/*C102*/DISCONNECT
/*C107*/DISCONNECT
/*C118*/SET SCHEMA PUBLIC
DELETE FROM ANNONCES WHERE ID=15
COMMIT
/*C120*/SET SCHEMA PUBLIC
DELETE FROM ANNONCES WHERE ID=14
COMMIT
/*C122*/SET SCHEMA PUBLIC
DELETE FROM ANNONCES WHERE ID=13
COMMIT
/*C124*/SET SCHEMA PUBLIC
INSERT INTO ANNONCES VALUES(13,'fzapofjzapf','zjfopazjfpofjza','test@epsi.fr',NULL,NULL,51616.0E0,0,NULL,NULL,NULL)
COMMIT
/*C126*/SET SCHEMA PUBLIC
INSERT INTO ANNONCES VALUES(14,'fzapofjzapf','zjfopazjfpofjza','test@epsi.fr',NULL,NULL,51616.0E0,0,NULL,NULL,NULL)
COMMIT
/*C128*/SET SCHEMA PUBLIC
INSERT INTO ANNONCES VALUES(15,'fzapofjzapf','zjfopazjfpofjza','test@epsi.fr',NULL,NULL,51616.0E0,0,NULL,NULL,NULL)
COMMIT
/*C118*/DISCONNECT
/*C117*/SET SCHEMA PUBLIC
DISCONNECT
/*C119*/SET SCHEMA PUBLIC
DISCONNECT
/*C120*/DISCONNECT
/*C121*/SET SCHEMA PUBLIC
DISCONNECT
/*C122*/DISCONNECT
/*C123*/SET SCHEMA PUBLIC
DISCONNECT
/*C124*/DISCONNECT
/*C125*/SET SCHEMA PUBLIC
DISCONNECT
/*C126*/DISCONNECT
/*C127*/SET SCHEMA PUBLIC
DISCONNECT
/*C128*/DISCONNECT
/*C129*/SET SCHEMA PUBLIC
DISCONNECT
/*C130*/SET SCHEMA PUBLIC
DISCONNECT
/*C108*/SET SCHEMA PUBLIC
DISCONNECT
/*C113*/SET SCHEMA PUBLIC
DISCONNECT
/*C115*/SET SCHEMA PUBLIC
DISCONNECT
/*C114*/SET SCHEMA PUBLIC
DISCONNECT
/*C109*/SET SCHEMA PUBLIC
DISCONNECT
/*C112*/SET SCHEMA PUBLIC
DISCONNECT
/*C110*/SET SCHEMA PUBLIC
DISCONNECT
/*C111*/SET SCHEMA PUBLIC
DISCONNECT
/*C116*/DISCONNECT
/*C131*/SET SCHEMA PUBLIC
DISCONNECT
/*C132*/SET SCHEMA PUBLIC
INSERT INTO ANNONCES VALUES(16,'fzapofjzapf','zjfopazjfpofjza','test@epsi.fr',NULL,NULL,51616.0E0,0,NULL,NULL,NULL)
COMMIT
DISCONNECT
/*C133*/SET SCHEMA PUBLIC
DISCONNECT
/*C134*/SET SCHEMA PUBLIC
INSERT INTO ANNONCES VALUES(17,'fzapofjzapf','zjfopazjfpofjza','test@epsi.fr',NULL,NULL,51616.0E0,0,NULL,NULL,NULL)
COMMIT
/*C145*/SET SCHEMA PUBLIC
DELETE FROM ANNONCES WHERE ID=17
INSERT INTO ANNONCES VALUES(17,'fzapofjzapf','zjfopazjfpofjza','test@epsi.fr',NULL,NULL,51616.0E0,1,NULL,NULL,NULL)
COMMIT
/*C159*/SET SCHEMA PUBLIC
DISCONNECT
/*C157*/SET SCHEMA PUBLIC
DISCONNECT
/*C134*/DISCONNECT
/*C135*/SET SCHEMA PUBLIC
DISCONNECT
/*C136*/SET SCHEMA PUBLIC
DISCONNECT
/*C137*/SET SCHEMA PUBLIC
DISCONNECT
/*C138*/SET SCHEMA PUBLIC
DISCONNECT
/*C139*/SET SCHEMA PUBLIC
DISCONNECT
/*C140*/SET SCHEMA PUBLIC
DISCONNECT
/*C141*/SET SCHEMA PUBLIC
DISCONNECT
/*C142*/SET SCHEMA PUBLIC
DISCONNECT
/*C143*/SET SCHEMA PUBLIC
DISCONNECT
/*C144*/SET SCHEMA PUBLIC
DISCONNECT
/*C145*/DISCONNECT
/*C146*/SET SCHEMA PUBLIC
DISCONNECT
/*C147*/SET SCHEMA PUBLIC
DISCONNECT
/*C148*/SET SCHEMA PUBLIC
DISCONNECT
/*C149*/SET SCHEMA PUBLIC
DISCONNECT
/*C150*/SET SCHEMA PUBLIC
DISCONNECT
/*C151*/SET SCHEMA PUBLIC
DISCONNECT
/*C152*/SET SCHEMA PUBLIC
DISCONNECT
/*C153*/SET SCHEMA PUBLIC
DISCONNECT
/*C154*/SET SCHEMA PUBLIC
DISCONNECT
/*C155*/SET SCHEMA PUBLIC
DISCONNECT
/*C156*/SET SCHEMA PUBLIC
DISCONNECT
/*C158*/SET SCHEMA PUBLIC
DISCONNECT
/*C160*/SET SCHEMA PUBLIC
DISCONNECT
/*C161*/SET SCHEMA PUBLIC
DISCONNECT
/*C162*/SET SCHEMA PUBLIC
DISCONNECT
/*C167*/SET SCHEMA PUBLIC
DELETE FROM ANNONCES WHERE ID=16
INSERT INTO ANNONCES VALUES(16,'fzapofjzapf','zjfopazjfpofjza','test@epsi.fr',NULL,NULL,51616.0E0,1,NULL,NULL,NULL)
COMMIT
/*C163*/SET SCHEMA PUBLIC
DISCONNECT
/*C170*/SET SCHEMA PUBLIC
DISCONNECT
/*C164*/SET SCHEMA PUBLIC
DISCONNECT
/*C165*/SET SCHEMA PUBLIC
DISCONNECT
/*C166*/SET SCHEMA PUBLIC
DISCONNECT
/*C167*/DISCONNECT
/*C168*/SET SCHEMA PUBLIC
DISCONNECT
/*C171*/SET SCHEMA PUBLIC
DISCONNECT
/*C169*/SET SCHEMA PUBLIC
DISCONNECT
/*C172*/SET SCHEMA PUBLIC
DISCONNECT
/*C174*/SET SCHEMA PUBLIC
DELETE FROM ANNONCES WHERE ID=15
INSERT INTO ANNONCES VALUES(15,'fzapofjzapf','zjfopazjfpofjza','test@epsi.fr',NULL,NULL,51616.0E0,2,NULL,NULL,NULL)
COMMIT
/*C176*/SET SCHEMA PUBLIC
DELETE FROM ANNONCES WHERE ID=14
INSERT INTO ANNONCES VALUES(14,'fzapofjzapf','zjfopazjfpofjza','test@epsi.fr',NULL,NULL,51616.0E0,2,NULL,NULL,NULL)
COMMIT
/*C178*/SET SCHEMA PUBLIC
DELETE FROM ANNONCES WHERE ID=13
INSERT INTO ANNONCES VALUES(13,'fzapofjzapf','zjfopazjfpofjza','test@epsi.fr',NULL,NULL,51616.0E0,1,NULL,NULL,NULL)
COMMIT
/*C182*/SET SCHEMA PUBLIC
INSERT INTO ANNONCES VALUES(18,'annonce 2','zefjazpfj','test@epsi.fr',NULL,NULL,12121.0E0,0,NULL,NULL,NULL)
COMMIT
/*C185*/SET SCHEMA PUBLIC
INSERT INTO ANNONCES VALUES(19,'annonce 2','zefjazpfj','test@epsi.fr',NULL,NULL,12121.0E0,0,NULL,NULL,NULL)
COMMIT
/*C177*/SET SCHEMA PUBLIC
DISCONNECT
/*C174*/DISCONNECT
/*C175*/SET SCHEMA PUBLIC
DISCONNECT
/*C176*/DISCONNECT
/*C178*/DISCONNECT
/*C179*/SET SCHEMA PUBLIC
DISCONNECT
/*C180*/SET SCHEMA PUBLIC
DISCONNECT
/*C181*/SET SCHEMA PUBLIC
DISCONNECT
/*C182*/DISCONNECT
/*C183*/SET SCHEMA PUBLIC
DISCONNECT
/*C184*/SET SCHEMA PUBLIC
DISCONNECT
/*C185*/DISCONNECT
/*C186*/SET SCHEMA PUBLIC
DISCONNECT
/*C187*/SET SCHEMA PUBLIC
DISCONNECT
/*C188*/SET SCHEMA PUBLIC
DISCONNECT
/*C189*/SET SCHEMA PUBLIC
DISCONNECT
/*C173*/SET SCHEMA PUBLIC
DISCONNECT
/*C190*/SET SCHEMA PUBLIC
DISCONNECT
/*C193*/SET SCHEMA PUBLIC
INSERT INTO ANNONCES VALUES(20,'annonce 2fpozefpjozejf','zefjazpfj','test@epsi.fr',NULL,NULL,12121.0E0,0,NULL,NULL,NULL)
COMMIT
/*C196*/SET SCHEMA PUBLIC
INSERT INTO ANNONCES VALUES(21,'annonce 2','zefjazpfj','test@epsi.fr',NULL,NULL,12121.0E0,0,NULL,NULL,NULL)
COMMIT
/*C192*/SET SCHEMA PUBLIC
DISCONNECT
/*C193*/DISCONNECT
/*C194*/SET SCHEMA PUBLIC
DISCONNECT
/*C195*/SET SCHEMA PUBLIC
DISCONNECT
/*C196*/DISCONNECT
/*C197*/SET SCHEMA PUBLIC
DISCONNECT
/*C198*/SET SCHEMA PUBLIC
DISCONNECT
/*C199*/SET SCHEMA PUBLIC
DISCONNECT
/*C200*/SET SCHEMA PUBLIC
DISCONNECT
/*C201*/SET SCHEMA PUBLIC
DISCONNECT
/*C204*/SET SCHEMA PUBLIC
INSERT INTO ANNONCES VALUES(22,'annonce 2ahaha','zefjazpfj','test@epsi.fr',NULL,NULL,12121.0E0,0,NULL,NULL,NULL)
COMMIT
/*C207*/SET SCHEMA PUBLIC
INSERT INTO ANNONCES VALUES(23,'annonce 3','zefjazpfj','test@epsi.fr',NULL,NULL,12121.0E0,0,NULL,NULL,NULL)
COMMIT
DISCONNECT
/*C208*/SET SCHEMA PUBLIC
DISCONNECT
/*C202*/SET SCHEMA PUBLIC
DISCONNECT
/*C191*/SET SCHEMA PUBLIC
DISCONNECT
/*C205*/SET SCHEMA PUBLIC
DISCONNECT
/*C204*/DISCONNECT
/*C206*/SET SCHEMA PUBLIC
DISCONNECT
/*C203*/SET SCHEMA PUBLIC
DISCONNECT
/*C209*/SET SCHEMA PUBLIC
DISCONNECT
/*C213*/SET SCHEMA PUBLIC
DELETE FROM ANNONCES WHERE ID=23
INSERT INTO ANNONCES VALUES(23,'annonce 3','zefjazpfj','test@epsi.fr',NULL,NULL,12121.0E0,2,NULL,NULL,NULL)
COMMIT
/*C215*/SET SCHEMA PUBLIC
DELETE FROM ANNONCES WHERE ID=22
INSERT INTO ANNONCES VALUES(22,'annonce 2ahaha','zefjazpfj','test@epsi.fr',NULL,NULL,12121.0E0,1,NULL,NULL,NULL)
COMMIT
/*C217*/SET SCHEMA PUBLIC
DELETE FROM ANNONCES WHERE ID=21
COMMIT
/*C219*/SET SCHEMA PUBLIC
DELETE FROM ANNONCES WHERE ID=20
COMMIT
/*C221*/SET SCHEMA PUBLIC
DELETE FROM ANNONCES WHERE ID=19
COMMIT
/*C223*/SET SCHEMA PUBLIC
DELETE FROM ANNONCES WHERE ID=12
COMMIT
/*C225*/SET SCHEMA PUBLIC
DELETE FROM ANNONCES WHERE ID=11
COMMIT
/*C227*/SET SCHEMA PUBLIC
DELETE FROM ANNONCES WHERE ID=10
COMMIT
